<interface type="vlan" name="test-vlan">
  <vlan tag="123">
    <interface name="eth2"/>
  </vlan>
</interface>
