<interface type='bond' name='test-bond-arp'>
  <start mode='onboot'/>
  <mac address='AA:AA:AA:AA:AA:AA'/>
  <mtu size='1501'/>
  <protocol family='ipv4'>
  </protocol>
  <bond>
    <arpmon interval='100' target='192.168.100.200' validate='backup'/>
    <interface type='ethernet' name='eth0'>
      <start mode='none'/>
      <mac address='00:FF:EE:FF:EE:FF'/>
    </interface>
    <interface type='ethernet' name='eth1'>
      <mac address='00:FF:EE:FF:EE:AB'/>
    </interface>
    <interface type='ethernet' name='eth2'>
      <start mode='hotplug'/>
      <mac address='00:FF:EE:FF:EE:CD'/>
    </interface>
  </bond>
</interface>
