<interface type="ethernet" name="test-ethernet-params">
  <start mode="hotplug"/>
  <mtu size="1234"/>
</interface>
