<interface type="ethernet" name="test-ethernet"/>
