<interface type="ethernet" name="test-ethernet-copy-proto">
  <protocol family="ipv6">
      <dhcp/>
    </protocol>
</interface>
